# Logfile created on Mon Aug 09 11:50:37 -0400 2010

Processing ApplicationController#not_found (for 127.0.0.1 at 2010-08-09 12:10:42) [GET]
Rendering template within layouts/application
Rendering application/not_found
  [4;36;1mRemembranceToken Load (0.6ms)[0m   [0;1mSELECT * FROM "remembrance_tokens" WHERE ("remembrance_tokens"."authenticatable_id" = '9' AND "remembrance_tokens"."series_token" = '9U0KQocW2vCx575Nlo8N' AND "remembrance_tokens"."authenticatable_type" = 'User') LIMIT 1[0m
  [4;35;1mUser Load (0.4ms)[0m   [0mSELECT * FROM "users" WHERE ("users"."id" = 9) [0m
  [4;36;1mRemembranceToken Update (0.4ms)[0m   [0;1mUPDATE "remembrance_tokens" SET "remembrance_token" = 'TM4O1gJMkc0n7DGwlHw_', "updated_at" = '2010-08-09 16:10:42' WHERE "id" = 2[0m
Completed in 90ms (View: 87, DB: 1) | 200 OK [http://localhost/]


Processing ApplicationController#not_found (for 127.0.0.1 at 2010-08-09 12:10:46) [GET]
Rendering template within layouts/application
Rendering application/not_found
  [4;35;1mRemembranceToken Load (0.6ms)[0m   [0mSELECT * FROM "remembrance_tokens" WHERE ("remembrance_tokens"."authenticatable_id" = '9' AND "remembrance_tokens"."series_token" = '9U0KQocW2vCx575Nlo8N' AND "remembrance_tokens"."authenticatable_type" = 'User') LIMIT 1[0m
  [4;36;1mUser Load (0.2ms)[0m   [0;1mSELECT * FROM "users" WHERE ("users"."id" = 9) [0m
  [4;35;1mRemembranceToken Update (0.3ms)[0m   [0mUPDATE "remembrance_tokens" SET "remembrance_token" = '-QJAyBHwxkjUSmx-Cwql', "updated_at" = '2010-08-09 16:10:46' WHERE "id" = 2[0m
Completed in 71ms (View: 68, DB: 1) | 200 OK [http://localhost/]


Processing ApplicationController#not_found (for 127.0.0.1 at 2010-08-09 12:10:49) [GET]
Rendering template within layouts/application
Rendering application/not_found
  [4;36;1mRemembranceToken Load (0.7ms)[0m   [0;1mSELECT * FROM "remembrance_tokens" WHERE ("remembrance_tokens"."authenticatable_id" = '9' AND "remembrance_tokens"."series_token" = '9U0KQocW2vCx575Nlo8N' AND "remembrance_tokens"."authenticatable_type" = 'User') LIMIT 1[0m
  [4;35;1mUser Load (0.3ms)[0m   [0mSELECT * FROM "users" WHERE ("users"."id" = 9) [0m
  [4;36;1mRemembranceToken Update (0.3ms)[0m   [0;1mUPDATE "remembrance_tokens" SET "remembrance_token" = 'IuAhck5RFZyXiPuxaVq4', "updated_at" = '2010-08-09 16:10:49' WHERE "id" = 2[0m
Completed in 70ms (View: 67, DB: 1) | 200 OK [http://localhost/]


Processing SparklySessionsController#destroy (for 127.0.0.1 at 2010-08-09 12:10:52) [DELETE]
  Parameters: {"model"=>"User", "authenticity_token"=>"74TNoagHooK7JnD58/EdJVfJnP5dN7QLTzQcwUlO1RM="}
  [4;35;1mRemembranceToken Load (0.6ms)[0m   [0mSELECT * FROM "remembrance_tokens" WHERE ("remembrance_tokens"."authenticatable_id" = '9' AND "remembrance_tokens"."series_token" = '9U0KQocW2vCx575Nlo8N' AND "remembrance_tokens"."authenticatable_type" = 'User') LIMIT 1[0m
  [4;36;1mUser Load (0.3ms)[0m   [0;1mSELECT * FROM "users" WHERE ("users"."id" = 9) [0m
  [4;35;1mRemembranceToken Update (0.3ms)[0m   [0mUPDATE "remembrance_tokens" SET "remembrance_token" = 'bVggkQ6s6PYUgYOmdfs_', "updated_at" = '2010-08-09 16:10:52' WHERE "id" = 2[0m
Redirected to http://localhost:3000/
Completed in 69ms (DB: 1) | 302 Found [http://localhost/user/session]


Processing ApplicationController#not_found (for 127.0.0.1 at 2010-08-09 12:10:53) [GET]
Rendering template within layouts/application
Rendering application/not_found
Completed in 3ms (View: 2, DB: 0) | 200 OK [http://localhost/]


Processing SparklySessionsController#new (for 127.0.0.1 at 2010-08-09 12:10:57) [GET]
  Parameters: {"model"=>"User"}
Rendering template within layouts/application
Rendering sparkly_sessions/new
Completed in 80ms (View: 77, DB: 0) | 200 OK [http://localhost/user/session/new]


Processing SparklySessionsController#create (for 127.0.0.1 at 2010-08-09 12:11:08) [POST]
  Parameters: {"model"=>"User", "commit"=>"Sign in", "authenticity_token"=>"74TNoagHooK7JnD58/EdJVfJnP5dN7QLTzQcwUlO1RM=", "user"=>{"remember_me"=>"0", "password"=>"Admin01", "email"=>"admin2@ingenico.com"}}
  [4;36;1mUser Load (0.3ms)[0m   [0;1mSELECT * FROM "users" WHERE ("users"."email" = 'admin2@ingenico.com') LIMIT 1[0m
  [4;35;1mPassword Load (0.4ms)[0m   [0mSELECT "passwords".* FROM "passwords" WHERE ("passwords"."authenticatable_id" = 9 and "passwords"."authenticatable_type" = 'User') [0m
Redirected to http://localhost:3000/
Completed in 13ms (DB: 1) | 302 Found [http://localhost/user/session]


Processing ApplicationController#not_found (for 127.0.0.1 at 2010-08-09 12:11:08) [GET]
Rendering template within layouts/application
Rendering application/not_found
  [4;36;1mPassword Load (0.3ms)[0m   [0;1mSELECT * FROM "passwords" WHERE ("passwords"."persistence_token" = 'en60GwB_Q9y9PKZnGuwo') LIMIT 1[0m
  [4;35;1mUser Load (0.3ms)[0m   [0mSELECT * FROM "users" WHERE ("users"."id" = 9) [0m
  [4;36;1mSQL (0.2ms)[0m   [0;1mSELECT count(*) AS count_all FROM "passwords" WHERE ("passwords".authenticatable_id = 9 AND "passwords".authenticatable_type = 'User') [0m
  [4;35;1mPassword Load (0.3ms)[0m   [0mSELECT * FROM "passwords" WHERE ("passwords".authenticatable_id = 9 AND "passwords".authenticatable_type = 'User') ORDER BY passwords.id DESC LIMIT 1[0m
Completed in 14ms (View: 11, DB: 1) | 200 OK [http://localhost/]


Processing ApplicationController#index (for 127.0.0.1 at 2010-08-09 12:11:12) [GET]

ActionController::RoutingError (No route matches "/logout" with {:method=>:get}):
  

Rendering rescues/layout (not_found)


Processing SparklySessionsController#destroy (for 127.0.0.1 at 2010-08-09 12:11:16) [GET]
  Parameters: {"model"=>"User"}
  [4;36;1mPassword Load (0.3ms)[0m   [0;1mSELECT * FROM "passwords" WHERE ("passwords"."persistence_token" = 'en60GwB_Q9y9PKZnGuwo') LIMIT 1[0m
  [4;35;1mUser Load (0.2ms)[0m   [0mSELECT * FROM "users" WHERE ("users"."id" = 9) [0m
  [4;36;1mSQL (0.2ms)[0m   [0;1mSELECT count(*) AS count_all FROM "passwords" WHERE ("passwords".authenticatable_id = 9 AND "passwords".authenticatable_type = 'User') [0m
  [4;35;1mPassword Load (0.3ms)[0m   [0mSELECT * FROM "passwords" WHERE ("passwords".authenticatable_id = 9 AND "passwords".authenticatable_type = 'User') ORDER BY passwords.id DESC LIMIT 1[0m
Redirected to http://localhost:3000/
Completed in 13ms (DB: 1) | 302 Found [http://localhost/user/logout]


Processing ApplicationController#not_found (for 127.0.0.1 at 2010-08-09 12:11:16) [GET]
Rendering template within layouts/application
Rendering application/not_found
Completed in 3ms (View: 2, DB: 0) | 200 OK [http://localhost/]


Processing SparklySessionsController#new (for 127.0.0.1 at 2010-08-09 12:11:19) [GET]
  Parameters: {"model"=>"User"}
Rendering template within layouts/application
Rendering sparkly_sessions/new
Completed in 11ms (View: 7, DB: 0) | 200 OK [http://localhost/user/session/new]
